<?xml version="1.0" encoding="UTF-8"?>
<!-- Generated by org.testng.reporters.JUnitReportReporter -->
<testsuite hostname="ip-192-168-1-71.ap-southeast-1.compute.internal" name="com.onsolve.exercise.runner.LeadFormCaptureTest" tests="1" failures="0" timestamp="10 Jul 2019 03:00:49 GMT" time="7.879" errors="0">
  <testcase name="submitLeadFormSuccessfully" time="7.879" classname="com.onsolve.exercise.runner.LeadFormCaptureTest"/>
</testsuite> <!-- com.onsolve.exercise.runner.LeadFormCaptureTest -->
